2025-09-16 13:40:25,425 DEBUG    root            Loaded Command Group: ['gcloud', 'components']
2025-09-16 13:40:25,457 DEBUG    root            Loaded Command Group: ['gcloud', 'components', 'update']
2025-09-16 13:40:25,459 DEBUG    root            Running [gcloud.components.update] with arguments: [--quiet: "True", COMPONENT-IDS:8: "['gcloud', 'core', 'bq', 'gsutil', 'compute', 'preview', 'alpha', 'beta']"]
2025-09-16 13:40:25,460 INFO     ___FILE_ONLY___ Beginning update. This process may take several minutes.

2025-09-16 13:40:25,469 DEBUG    urllib3.connectionpool Starting new HTTPS connection (1): dl.google.com:443
2025-09-16 13:40:25,676 DEBUG    urllib3.connectionpool https://dl.google.com:443 "GET /dl/cloudsdk/channels/rapid/components-2.json HTTP/11" 200 233150
2025-09-16 13:40:25,687 WARNING  root            Component [compute] no longer exists.
2025-09-16 13:40:25,688 INFO     ___FILE_ONLY___ 

2025-09-16 13:40:25,689 INFO     ___FILE_ONLY___ 
Your current Google Cloud CLI version is: 539.0.0

2025-09-16 13:40:25,689 INFO     ___FILE_ONLY___ Installing components from version: 539.0.0

2025-09-16 13:40:25,689 INFO     ___FILE_ONLY___ 

2025-09-16 13:40:25,689 DEBUG    root            Chosen display Format:table[box,title="These components will be removed."](details.display_name:label=Name:align=left,version.version_string:label=Version:align=right,data.size.size(zero="",min=1048576):label=Size:align=right)
2025-09-16 13:40:25,690 DEBUG    root            Chosen display Format:table[box,title="These components will be updated."](details.display_name:label=Name:align=left,version.version_string:label=Version:align=right,data.size.size(zero="",min=1048576):label=Size:align=right)
2025-09-16 13:40:25,690 DEBUG    root            Chosen display Format:table[box,title="These components will be installed."](details.display_name:label=Name:align=left,version.version_string:label=Version:align=right,data.size.size(zero="",min=1048576):label=Size:align=right)
2025-09-16 13:40:25,706 INFO     ___FILE_ONLY___ ┌────────────────────────────────────────────────┐
2025-09-16 13:40:25,706 INFO     ___FILE_ONLY___ 

2025-09-16 13:40:25,706 INFO     ___FILE_ONLY___ │      These components will be installed.       │
2025-09-16 13:40:25,706 INFO     ___FILE_ONLY___ 

2025-09-16 13:40:25,707 INFO     ___FILE_ONLY___ ├─────────────────────────┬────────────┬─────────┤
2025-09-16 13:40:25,707 INFO     ___FILE_ONLY___ 

2025-09-16 13:40:25,707 INFO     ___FILE_ONLY___ │           Name          │  Version   │   Size  │
2025-09-16 13:40:25,707 INFO     ___FILE_ONLY___ 

2025-09-16 13:40:25,707 INFO     ___FILE_ONLY___ ├─────────────────────────┼────────────┼─────────┤
2025-09-16 13:40:25,707 INFO     ___FILE_ONLY___ 

2025-09-16 13:40:25,707 INFO     ___FILE_ONLY___ │ 
2025-09-16 13:40:25,707 INFO     ___FILE_ONLY___ gcloud Alpha Commands  
2025-09-16 13:40:25,707 INFO     ___FILE_ONLY___  
2025-09-16 13:40:25,707 INFO     ___FILE_ONLY___ │ 
2025-09-16 13:40:25,707 INFO     ___FILE_ONLY___ 2025.09.12
2025-09-16 13:40:25,707 INFO     ___FILE_ONLY___  
2025-09-16 13:40:25,708 INFO     ___FILE_ONLY___ │ 
2025-09-16 13:40:25,708 INFO     ___FILE_ONLY___ < 1 MiB
2025-09-16 13:40:25,708 INFO     ___FILE_ONLY___  
2025-09-16 13:40:25,708 INFO     ___FILE_ONLY___ │
2025-09-16 13:40:25,708 INFO     ___FILE_ONLY___ 

2025-09-16 13:40:25,708 INFO     ___FILE_ONLY___ │ 
2025-09-16 13:40:25,708 INFO     ___FILE_ONLY___ gcloud Beta Commands   
2025-09-16 13:40:25,708 INFO     ___FILE_ONLY___  
2025-09-16 13:40:25,708 INFO     ___FILE_ONLY___ │ 
2025-09-16 13:40:25,708 INFO     ___FILE_ONLY___ 2025.09.12
2025-09-16 13:40:25,708 INFO     ___FILE_ONLY___  
2025-09-16 13:40:25,708 INFO     ___FILE_ONLY___ │ 
2025-09-16 13:40:25,708 INFO     ___FILE_ONLY___ < 1 MiB
2025-09-16 13:40:25,709 INFO     ___FILE_ONLY___  
2025-09-16 13:40:25,709 INFO     ___FILE_ONLY___ │
2025-09-16 13:40:25,709 INFO     ___FILE_ONLY___ 

2025-09-16 13:40:25,709 INFO     ___FILE_ONLY___ │ 
2025-09-16 13:40:25,709 INFO     ___FILE_ONLY___ gcloud Preview Commands
2025-09-16 13:40:25,709 INFO     ___FILE_ONLY___  
2025-09-16 13:40:25,709 INFO     ___FILE_ONLY___ │ 
2025-09-16 13:40:25,709 INFO     ___FILE_ONLY___           
2025-09-16 13:40:25,710 INFO     ___FILE_ONLY___  
2025-09-16 13:40:25,710 INFO     ___FILE_ONLY___ │ 
2025-09-16 13:40:25,710 INFO     ___FILE_ONLY___ < 1 MiB
2025-09-16 13:40:25,710 INFO     ___FILE_ONLY___  
2025-09-16 13:40:25,710 INFO     ___FILE_ONLY___ │
2025-09-16 13:40:25,710 INFO     ___FILE_ONLY___ 

2025-09-16 13:40:25,710 INFO     ___FILE_ONLY___ └─────────────────────────┴────────────┴─────────┘
2025-09-16 13:40:25,710 INFO     ___FILE_ONLY___ 

2025-09-16 13:40:25,710 INFO     ___FILE_ONLY___ 

2025-09-16 13:40:25,713 DEBUG    urllib3.connectionpool Starting new HTTPS connection (1): dl.google.com:443
2025-09-16 13:40:25,920 DEBUG    urllib3.connectionpool https://dl.google.com:443 "GET /dl/cloudsdk/channels/rapid/RELEASE_NOTES HTTP/11" 200 1482680
2025-09-16 13:40:26,415 INFO     ___FILE_ONLY___ For the latest full release notes, please visit:
  https://cloud.google.com/sdk/release_notes


2025-09-16 13:40:26,416 INFO     ___FILE_ONLY___ Performing in place update...


2025-09-16 13:40:26,418 INFO     ___FILE_ONLY___ ╔════════════════════════════════════════════════════════════╗

2025-09-16 13:40:26,418 INFO     ___FILE_ONLY___ ╠═ Downloading: gcloud Alpha Commands                       ═╣

2025-09-16 13:40:26,418 INFO     ___FILE_ONLY___ ╚
2025-09-16 13:40:26,420 DEBUG    urllib3.connectionpool Starting new HTTPS connection (1): dl.google.com:443
2025-09-16 13:40:26,662 DEBUG    urllib3.connectionpool https://dl.google.com:443 "GET /dl/cloudsdk/channels/rapid/components/google-cloud-sdk-alpha-20250912135004.tar.gz HTTP/11" 200 800
2025-09-16 13:40:26,663 INFO     ___FILE_ONLY___ ════════════════════════════════════════════════════════════
2025-09-16 13:40:26,663 INFO     ___FILE_ONLY___ ╝

2025-09-16 13:40:26,665 INFO     ___FILE_ONLY___ ╔════════════════════════════════════════════════════════════╗

2025-09-16 13:40:26,665 INFO     ___FILE_ONLY___ ╠═ Downloading: gcloud Beta Commands                        ═╣

2025-09-16 13:40:26,665 INFO     ___FILE_ONLY___ ╚
2025-09-16 13:40:26,668 DEBUG    urllib3.connectionpool Starting new HTTPS connection (1): dl.google.com:443
2025-09-16 13:40:26,906 DEBUG    urllib3.connectionpool https://dl.google.com:443 "GET /dl/cloudsdk/channels/rapid/components/google-cloud-sdk-beta-20250912135004.tar.gz HTTP/11" 200 797
2025-09-16 13:40:26,907 INFO     ___FILE_ONLY___ ════════════════════════════════════════════════════════════
2025-09-16 13:40:26,907 INFO     ___FILE_ONLY___ ╝

2025-09-16 13:40:26,909 INFO     ___FILE_ONLY___ ╔════════════════════════════════════════════════════════════╗

2025-09-16 13:40:26,909 INFO     ___FILE_ONLY___ ╠═ Downloading: gcloud Preview Commands                     ═╣

2025-09-16 13:40:26,909 INFO     ___FILE_ONLY___ ╚
2025-09-16 13:40:26,912 DEBUG    urllib3.connectionpool Starting new HTTPS connection (1): dl.google.com:443
2025-09-16 13:40:27,152 DEBUG    urllib3.connectionpool https://dl.google.com:443 "GET /dl/cloudsdk/channels/rapid/components/google-cloud-sdk-preview-20241115154308.tar.gz HTTP/11" 200 823
2025-09-16 13:40:27,153 INFO     ___FILE_ONLY___ ════════════════════════════════════════════════════════════
2025-09-16 13:40:27,153 INFO     ___FILE_ONLY___ ╝

2025-09-16 13:40:27,155 INFO     ___FILE_ONLY___ ╔════════════════════════════════════════════════════════════╗

2025-09-16 13:40:27,155 INFO     ___FILE_ONLY___ ╠═ Installing: gcloud Alpha Commands                        ═╣

2025-09-16 13:40:27,155 INFO     ___FILE_ONLY___ ╚
2025-09-16 13:40:27,156 INFO     ___FILE_ONLY___ ════════════════════════════════════════════════════════════
2025-09-16 13:40:27,157 INFO     ___FILE_ONLY___ ╝

2025-09-16 13:40:27,162 INFO     ___FILE_ONLY___ ╔════════════════════════════════════════════════════════════╗

2025-09-16 13:40:27,162 INFO     ___FILE_ONLY___ ╠═ Installing: gcloud Beta Commands                         ═╣

2025-09-16 13:40:27,162 INFO     ___FILE_ONLY___ ╚
2025-09-16 13:40:27,163 INFO     ___FILE_ONLY___ ════════════════════════════════════════════════════════════
2025-09-16 13:40:27,163 INFO     ___FILE_ONLY___ ╝

2025-09-16 13:40:27,167 INFO     ___FILE_ONLY___ ╔════════════════════════════════════════════════════════════╗

2025-09-16 13:40:27,167 INFO     ___FILE_ONLY___ ╠═ Installing: gcloud Preview Commands                      ═╣

2025-09-16 13:40:27,167 INFO     ___FILE_ONLY___ ╚
2025-09-16 13:40:27,168 INFO     ___FILE_ONLY___ ════════════════════════════════════════════════════════════
2025-09-16 13:40:27,168 INFO     ___FILE_ONLY___ ╝

2025-09-16 13:40:27,173 DEBUG    root            Updating notification cache...
2025-09-16 13:40:27,174 INFO     ___FILE_ONLY___ 

2025-09-16 13:40:27,176 INFO     ___FILE_ONLY___ Performing post processing steps...
2025-09-16 13:40:27,176 DEBUG    root            Executing command: ['/tools/google-cloud-sdk/bin/gcloud', 'components', 'post-process']
2025-09-16 13:40:36,840 DEBUG    ___FILE_ONLY___ 
2025-09-16 13:40:36,840 DEBUG    ___FILE_ONLY___ 
2025-09-16 13:40:36,946 INFO     root            descriptor_list: [{'universeDomain': 'googleapis.com', 'universeShortName': '', 'authenticationDomain': 'auth.cloud.google.com', 'projectPrefix': '', 'cloudWebDomain': 'cloud.google.com', 'documentationDomain': 'cloud.google.com', 'version': '1.0.0', 'state': 'primary', 'artifactRegistryDomain': 'pkg.dev'}]
2025-09-16 13:40:36,946 INFO     ___FILE_ONLY___ 
Update done!


2025-09-16 13:40:36,949 DEBUG    root            Chosen display Format:none
2025-09-16 13:40:36,949 INFO     root            Display format: "none"
